2022-12-20 20:58:05 | INFO | forecast service startup event.
2022-12-20 20:58:37 | INFO | Forecast for client JTEST21 model 3.
2022-12-20 20:58:48 | INFO | Forecast for client JTEST21 model 3.
2022-12-20 21:08:16 | INFO | Forecast for client JTEST21 model 3.
2022-12-20 21:08:42 | INFO | Forecast for client JTEST21 model 4.
2022-12-20 21:10:41 | INFO | Forecast for client JTEST21 model 3.
2022-12-20 21:11:07 | INFO | Forecast for client JTEST21 model 4.
2022-12-20 21:14:49 | INFO | Forecast for client JTEST21 model 5.
2022-12-20 21:15:02 | INFO | forecast service shutdown event.
2022-12-20 22:39:55 | INFO | forecast service startup event.
2022-12-21 11:09:43 | INFO | forecast service startup event.
2022-12-21 11:17:02 | INFO | Forecast for client DEM1 model 6.
2022-12-21 12:47:55 | INFO | Forecast for client DEM1 model 6.
2022-12-21 14:44:32 | INFO | Forecast for client DEM1 model 6.
2022-12-21 15:21:11 | INFO | Forecast for client DEM 2 model 7.
2022-12-21 15:25:43 | INFO | Forecast for client DEM 2 model 8.
2022-12-21 15:28:34 | INFO | Forecast for client DEM 2 model 7.
2022-12-21 18:19:06 | INFO | forecast service shutdown event.
2022-12-21 19:03:23 | INFO | forecast service startup event.
2022-12-21 19:04:20 | INFO | Forecast for client DEM 2 model 8.
2022-12-21 19:06:03 | INFO | forecast service shutdown event.
2022-12-21 19:06:12 | INFO | forecast service startup event.
2022-12-21 19:06:35 | INFO | Forecast for client DEM 2 model 7.
2022-12-21 19:14:47 | INFO | Forecast for client DEM 2 model 7.
2022-12-21 19:16:20 | INFO | Forecast for client DEM 2 model 7.
2022-12-21 19:18:34 | INFO | Forecast for client DEM 2 model 7.
2022-12-21 19:30:00 | INFO | Forecast for client DEM 2 model 7.
2022-12-21 19:33:12 | INFO | Forecast for client DEM 2 model 7.
2022-12-21 19:36:19 | INFO | Forecast for client DEM 2 model 7.
2022-12-21 19:39:38 | INFO | Forecast for client DEM 2 model 7.
2022-12-21 19:52:59 | INFO | Forecast for client DEM 2 model 7.
2022-12-21 19:53:45 | INFO | Forecast for client DEM 2 model 7.
2022-12-21 19:56:38 | INFO | Forecast for client DEM 2 model 7.
2022-12-21 19:56:52 | INFO | Forecast for client DEM 2 model 7.
2022-12-21 20:05:43 | INFO | Forecast for client DEM 2 model 7.
2022-12-21 20:05:51 | INFO | Forecast for client DEM 2 model 7.
2022-12-21 20:06:12 | INFO | Forecast for client DEM 2 model 7.
2022-12-21 20:19:32 | INFO | Forecast for client DEM 2 model 7.
2022-12-21 20:24:25 | INFO | Forecast for client DEM 2 model 7.
2022-12-21 20:46:19 | INFO | Forecast for client DEM 2 model 7.
2022-12-21 20:48:58 | INFO | Forecast for client DEM 2 model 7.
2022-12-21 20:51:00 | INFO | Forecast for client DEM 2 model 7.
2022-12-21 21:14:29 | INFO | Forecast for client DEM 2 model 7.
2022-12-21 21:21:12 | INFO | Forecast for client DEM 2 model 7.
2022-12-21 21:22:39 | INFO | forecast service shutdown event.
2022-12-21 21:22:48 | INFO | forecast service startup event.
2022-12-21 21:23:05 | INFO | Forecast for client DEM 2 model 7.
2022-12-21 21:28:18 | INFO | forecast service shutdown event.
2022-12-21 21:28:25 | INFO | forecast service startup event.
2022-12-21 21:28:36 | INFO | Forecast for client DEM 2 model 7.
2022-12-21 21:29:22 | INFO | forecast service shutdown event.
2022-12-21 21:29:29 | INFO | forecast service startup event.
2022-12-21 21:29:42 | INFO | Forecast for client DEM 2 model 7.
2022-12-21 21:29:56 | INFO | Forecast for client DEM 2 model 7.
2022-12-21 21:30:53 | INFO | forecast service shutdown event.
2022-12-21 21:31:00 | INFO | forecast service startup event.
2022-12-21 21:31:12 | INFO | Forecast for client DEM 2 model 7.
2022-12-22 00:45:34 | INFO | forecast service shutdown event.
2022-12-22 20:03:45 | INFO | forecast service startup event.
2022-12-22 20:10:03 | INFO | forecast service shutdown event.
2022-12-22 20:10:12 | INFO | forecast service startup event.
2022-12-22 20:12:54 | INFO | forecast service shutdown event.
2022-12-22 20:13:06 | INFO | forecast service startup event.
2022-12-22 20:13:27 | INFO | Forecast for client DEM 2 model 7.
2022-12-22 20:19:39 | INFO | forecast service shutdown event.
2022-12-22 20:19:46 | INFO | forecast service startup event.
2022-12-22 20:20:23 | INFO | Forecast for client DEM 2 model 7.
2022-12-22 20:23:20 | INFO | Forecast for client DEM 2 model 10.
2022-12-22 23:07:59 | INFO | forecast service shutdown event.
2022-12-23 15:41:30 | INFO | forecast service startup event.
2022-12-23 15:44:52 | INFO | Forecast for client DEM 2 model 7.
2022-12-23 15:47:10 | INFO | forecast service shutdown event.
2022-12-23 15:47:18 | INFO | forecast service startup event.
2022-12-23 15:51:39 | INFO | Forecast for client DEM 2 model 7.
2022-12-23 15:53:52 | INFO | forecast service shutdown event.
2022-12-23 15:54:01 | INFO | forecast service startup event.
2022-12-23 15:58:03 | INFO | Forecast for client DEM 2 model 7.
2022-12-23 15:58:59 | INFO | Forecast for client DEM 2 model 7.
2022-12-23 16:39:06 | INFO | Forecast for client DEM 2 model 7.
2022-12-23 16:59:13 | INFO | Forecast for client DEM 2 model 12.
2022-12-23 19:11:48 | INFO | forecast service shutdown event.
2022-12-23 19:12:36 | INFO | forecast service startup event.
2022-12-23 19:15:12 | INFO | forecast service shutdown event.
2022-12-23 19:15:52 | INFO | forecast service startup event.
2022-12-23 20:04:40 | INFO | forecast service shutdown event.
2022-12-23 20:04:47 | INFO | forecast service startup event.
2022-12-23 20:05:21 | INFO | Forecast for client DEM1 model 6.
2022-12-23 20:13:56 | INFO | forecast service shutdown event.
2022-12-23 20:17:54 | INFO | forecast service startup event.
2022-12-23 20:36:09 | INFO | Forecast for client DEM1 model 6.
2022-12-23 20:36:43 | INFO | Forecast for client DEM1 model 18.
2022-12-23 20:38:26 | INFO | Forecast for client DEM1 model 6.
2022-12-23 20:38:45 | INFO | Forecast for client DEM1 model 18.
2022-12-23 20:41:09 | INFO | forecast service shutdown event.
2022-12-23 20:41:19 | INFO | forecast service startup event.
2022-12-23 20:41:47 | INFO | forecast service shutdown event.
2022-12-23 20:41:54 | INFO | forecast service startup event.
2022-12-23 20:42:08 | INFO | Forecast for client DEM1 model 18.
2022-12-23 20:51:28 | INFO | Forecast for client DEM1 model 18.
2022-12-23 20:53:28 | INFO | Forecast for client DEM1 model 18.
2022-12-23 20:54:21 | INFO | Forecast for client DEM1 model 18.
2022-12-23 20:55:30 | INFO | Forecast for client DEM1 model 18.
2022-12-23 20:57:06 | INFO | Forecast for client DEM1 model 6.
