2023-06-04 15:19:02 | INFO | Forecast: client AR21TY2023 model 1.
2023-06-04 15:19:02 | CRITICAL | Forecast: client AR21TY2023 model 1. Unexpected number of keys in input data structure dict_keys(['ds', 'y1', 'y2']) (3) expected (1)!
2023-06-04 15:21:20 | INFO | Forecast: client AR21TY2023 model 2.
2023-06-04 15:21:20 | INFO | Getting forecast: client AR21TY2023 model 2.
2023-06-04 15:21:20 | CRITICAL | Forecast: client AR21TY2023 model 2. An error occurred: 1 validation error for ForecastOut
forecast
  value is not a valid list (type=type_error.list)!
2023-06-04 15:22:15 | INFO | Forecast: client AR21TY2023 model 2.
2023-06-04 15:22:15 | INFO | Getting forecast: client AR21TY2023 model 2.
2023-06-04 15:22:15 | INFO | Sending forecast: client AR21TY2023 model 2.
2023-06-04 15:25:36 | INFO | Forecast: client AR21TY2023 model 2.
2023-06-04 15:25:36 | INFO | Getting forecast: client AR21TY2023 model 2.
2023-06-04 15:25:36 | INFO | Sending forecast: client AR21TY2023 model 2.
2023-06-04 15:27:07 | INFO | Forecast: client AR21TY2023 model 2.
2023-06-04 15:27:07 | INFO | Getting forecast: client AR21TY2023 model 2.
2023-06-04 15:27:07 | INFO | Sending forecast: client AR21TY2023 model 2.
2023-06-04 15:28:15 | INFO | Forecast: client AR21TY2023 model 2.
2023-06-04 15:28:15 | INFO | Getting forecast: client AR21TY2023 model 2.
2023-06-04 15:28:15 | INFO | Sending forecast: client AR21TY2023 model 2.
2023-06-04 15:30:44 | INFO | Forecast: client AR21TY2023 model 2.
2023-06-04 15:30:44 | INFO | Getting forecast: client AR21TY2023 model 2.
2023-06-04 15:30:44 | INFO | Sending forecast: client AR21TY2023 model 2.
2023-06-04 15:30:44 | INFO | Forecast: client AR21TY2023 model 2.
2023-06-04 15:30:44 | CRITICAL | Forecast: client AR21TY2023 model 2. Unexpected number of keys in input data structure dict_keys(['ds', 'y1']) (2) expected (3)!
2023-06-04 15:31:58 | INFO | Forecast: client AR21TY2023 model 2.
2023-06-04 15:31:58 | INFO | Getting forecast: client AR21TY2023 model 2.
2023-06-04 15:31:58 | INFO | Sending forecast: client AR21TY2023 model 2.
2023-06-04 15:31:58 | INFO | Forecast: client AR21TY2023 model 2.
2023-06-04 15:31:58 | CRITICAL | Forecast: client AR21TY2023 model 2. Unexpected number of keys in input data structure dict_keys(['ds', 'y1']) (2) expected (3)!
2023-06-04 15:36:07 | INFO | Forecast: client AR21TY2023 model 2.
2023-06-04 15:36:07 | INFO | Getting forecast: client AR21TY2023 model 2.
2023-06-04 15:36:07 | INFO | Sending forecast: client AR21TY2023 model 2.
2023-06-04 15:36:07 | INFO | Forecast: client AR21TY2023 model 2.
2023-06-04 15:36:07 | CRITICAL | Forecast: client AR21TY2023 model 2. Unexpected number of keys in input data structure dict_keys(['ds', 'y1']) (2) expected (3)!
2023-06-04 15:36:07 | INFO | Forecast: client AR21TY2023 model 2.
2023-06-04 15:36:07 | CRITICAL | Forecast: client AR21TY2023 model 2. Unexpected input data structure (expected key ds, y1 or y2 not found) dict_keys(['ds', 'x1', 'y2'])!
2023-06-04 15:47:00 | INFO | Forecast: client AR21TY2023 model 2.
2023-06-04 15:47:00 | INFO | Getting forecast: client AR21TY2023 model 2.
2023-06-04 15:47:00 | INFO | Sending forecast: client AR21TY2023 model 2.
2023-06-04 15:47:00 | INFO | Forecast: client AR21TY2023 model 2.
2023-06-04 15:47:00 | CRITICAL | Forecast: client AR21TY2023 model 2. Unexpected number of keys in input data structure dict_keys(['ds', 'y1']) (2) expected (3)!
2023-06-04 15:47:00 | INFO | Forecast: client AR21TY2023 model 2.
2023-06-04 15:47:00 | CRITICAL | Forecast: client AR21TY2023 model 2. Unexpected input data structure (expected key ds, y1 or y2 not found) dict_keys(['ds', 'x1', 'y2'])!
2023-06-04 17:29:36 | INFO | Forecast: client AR21TY2023 model 2.
2023-06-04 17:29:36 | INFO | Getting forecast: client AR21TY2023 model 2.
2023-06-04 17:29:36 | INFO | Sending forecast: client AR21TY2023 model 2.
2023-06-04 17:29:36 | INFO | Forecast: client AR21TY2023 model 2.
2023-06-04 17:29:36 | CRITICAL | Forecast: client AR21TY2023 model 2. Unexpected number of keys in input data structure dict_keys(['ds', 'y1']) (2) expected (3)!
2023-06-04 17:29:36 | INFO | Forecast: client AR21TY2023 model 2.
2023-06-04 17:29:36 | CRITICAL | Forecast: client AR21TY2023 model 2. Unexpected input data structure (expected key ds, y1 or y2 not found) dict_keys(['ds', 'x1', 'y2'])!
2023-06-04 17:38:06 | INFO | Forecast: client AR21TY2023 model 1.
2023-06-04 17:38:07 | INFO | Forecast: client AR21TY2023 model 2.
2023-06-04 17:38:07 | INFO | Getting forecast: client AR21TY2023 model 2.
2023-06-04 17:38:07 | INFO | Sending forecast: client AR21TY2023 model 2.
2023-06-04 17:38:07 | INFO | Forecast: client AR21TY2023 model 2.
2023-06-04 17:38:07 | CRITICAL | Forecast: client AR21TY2023 model 2. Unexpected number of keys in input data structure dict_keys(['ds', 'y1']) (2) expected (3)!
2023-06-04 17:38:07 | INFO | Forecast: client AR21TY2023 model 2.
2023-06-04 17:38:07 | CRITICAL | Forecast: client AR21TY2023 model 2. Unexpected input data structure (expected key ds, y1 or y2 not found) dict_keys(['ds', 'x1', 'y2'])!
2023-06-04 17:40:51 | INFO | Forecast: client AR21TY2023 model 1.
2023-06-04 17:40:51 | INFO | Getting forecast: client AR21TY2023 model 1.
2023-06-04 17:40:51 | INFO | Sending forecast: client AR21TY2023 model 1.
2023-06-04 17:40:51 | INFO | Forecast: client AR21TY2023 model 2.
2023-06-04 17:40:51 | INFO | Getting forecast: client AR21TY2023 model 2.
2023-06-04 17:40:51 | INFO | Sending forecast: client AR21TY2023 model 2.
2023-06-04 17:40:51 | INFO | Forecast: client AR21TY2023 model 2.
2023-06-04 17:40:51 | CRITICAL | Forecast: client AR21TY2023 model 2. Unexpected number of keys in input data structure dict_keys(['ds', 'y1']) (2) expected (3)!
2023-06-04 17:40:51 | INFO | Forecast: client AR21TY2023 model 2.
2023-06-04 17:40:51 | CRITICAL | Forecast: client AR21TY2023 model 2. Unexpected input data structure (expected key ds, y1 or y2 not found) dict_keys(['ds', 'x1', 'y2'])!
2023-06-04 17:41:35 | INFO | Forecast: client AR21TY2023 model 1.
2023-06-04 17:41:35 | INFO | Getting forecast: client AR21TY2023 model 1.
2023-06-04 17:41:35 | INFO | Sending forecast: client AR21TY2023 model 1.
2023-06-04 17:41:36 | INFO | Forecast: client AR21TY2023 model 2.
2023-06-04 17:41:36 | INFO | Getting forecast: client AR21TY2023 model 2.
2023-06-04 17:41:36 | INFO | Sending forecast: client AR21TY2023 model 2.
2023-06-04 17:41:36 | INFO | Forecast: client AR21TY2023 model 2.
2023-06-04 17:41:36 | CRITICAL | Forecast: client AR21TY2023 model 2. Unexpected number of keys in input data structure dict_keys(['ds', 'y1']) (2) expected (3)!
2023-06-04 17:41:36 | INFO | Forecast: client AR21TY2023 model 2.
2023-06-04 17:41:36 | CRITICAL | Forecast: client AR21TY2023 model 2. Unexpected input data structure (expected key ds, y1 or y2 not found) dict_keys(['ds', 'x1', 'y2'])!
2023-06-04 17:44:34 | INFO | Forecast: client AR21TY2023 model 1.
2023-06-04 17:44:34 | INFO | Getting forecast: client AR21TY2023 model 1.
2023-06-04 17:44:34 | INFO | Sending forecast: client AR21TY2023 model 1.
2023-06-04 17:44:34 | INFO | Forecast: client AR21TY2023 model 1.
2023-06-04 17:44:35 | INFO | Forecast: client AR21TY2023 model 1.
2023-06-04 17:44:35 | INFO | Forecast: client AR21TY2023 model 2.
2023-06-04 17:44:35 | INFO | Getting forecast: client AR21TY2023 model 2.
2023-06-04 17:44:35 | INFO | Sending forecast: client AR21TY2023 model 2.
2023-06-04 17:44:35 | INFO | Forecast: client AR21TY2023 model 2.
2023-06-04 17:44:35 | CRITICAL | Forecast: client AR21TY2023 model 2. Unexpected number of keys in input data structure dict_keys(['ds', 'y1']) (2) expected (3)!
2023-06-04 17:44:35 | INFO | Forecast: client AR21TY2023 model 2.
2023-06-04 17:44:35 | CRITICAL | Forecast: client AR21TY2023 model 2. Unexpected input data structure (expected key ds, y1 or y2 not found) dict_keys(['ds', 'x1', 'y2'])!
2023-06-04 17:45:26 | INFO | Forecast: client AR21TY2023 model 1.
2023-06-04 17:45:26 | INFO | Getting forecast: client AR21TY2023 model 1.
2023-06-04 17:45:26 | INFO | Sending forecast: client AR21TY2023 model 1.
2023-06-04 17:45:26 | INFO | Forecast: client AR21TY2023 model 1.
2023-06-04 17:45:26 | CRITICAL | Forecast: client AR21TY2023 model 1. Unexpected number of keys in input data structure dict_keys(['ds']) (1) expected (2)!
2023-06-04 17:45:27 | INFO | Forecast: client AR21TY2023 model 1.
2023-06-04 17:45:27 | CRITICAL | Forecast: client AR21TY2023 model 1. Unexpected input data structure (expected key ds or x not found) dict_keys(['ds', 'a'])!
2023-06-04 17:45:27 | INFO | Forecast: client AR21TY2023 model 2.
2023-06-04 17:45:27 | INFO | Getting forecast: client AR21TY2023 model 2.
2023-06-04 17:45:27 | INFO | Sending forecast: client AR21TY2023 model 2.
2023-06-04 17:45:27 | INFO | Forecast: client AR21TY2023 model 2.
2023-06-04 17:45:27 | CRITICAL | Forecast: client AR21TY2023 model 2. Unexpected number of keys in input data structure dict_keys(['ds', 'y1']) (2) expected (3)!
2023-06-04 17:45:27 | INFO | Forecast: client AR21TY2023 model 2.
2023-06-04 17:45:27 | CRITICAL | Forecast: client AR21TY2023 model 2. Unexpected input data structure (expected key ds, y1 or y2 not found) dict_keys(['ds', 'x1', 'y2'])!
2023-06-04 17:46:35 | INFO | Forecast: client AR21TY2023 model 1.
2023-06-04 17:46:35 | INFO | Getting forecast: client AR21TY2023 model 1.
2023-06-04 17:46:35 | INFO | Sending forecast: client AR21TY2023 model 1.
2023-06-04 17:46:35 | INFO | Forecast: client AR21TY2023 model 1.
2023-06-04 17:46:35 | CRITICAL | Forecast: client AR21TY2023 model 1. Unexpected number of keys in input data structure dict_keys(['ds']) (1) expected (2)!
2023-06-04 17:46:35 | INFO | Forecast: client AR21TY2023 model 1.
2023-06-04 17:46:35 | CRITICAL | Forecast: client AR21TY2023 model 1. Unexpected input data structure (expected key ds or x not found) dict_keys(['ds', 'a'])!
2023-06-04 17:46:35 | INFO | Forecast: client AR21TY2023 model 2.
2023-06-04 17:46:35 | INFO | Getting forecast: client AR21TY2023 model 2.
2023-06-04 17:46:35 | INFO | Sending forecast: client AR21TY2023 model 2.
2023-06-04 17:46:35 | INFO | Forecast: client AR21TY2023 model 2.
2023-06-04 17:46:35 | CRITICAL | Forecast: client AR21TY2023 model 2. Unexpected number of keys in input data structure dict_keys(['ds', 'y1']) (2) expected (3)!
2023-06-04 17:46:35 | INFO | Forecast: client AR21TY2023 model 2.
2023-06-04 17:46:35 | CRITICAL | Forecast: client AR21TY2023 model 2. Unexpected input data structure (expected key ds, y1 or y2 not found) dict_keys(['ds', 'x1', 'y2'])!
2023-06-04 18:07:45 | INFO | Forecast: client 00000023 model 1.
2023-06-04 18:07:45 | CRITICAL | Forecast: client 00000023 model 1. Client 00000023 not found!
2023-06-04 18:07:45 | INFO | Forecast: client AR21TY2023 model 0.
2023-06-04 18:07:45 | CRITICAL | Forecast: client AR21TY2023 model 0. Model 0 not found for client AR21TY2023!
2023-06-04 18:07:45 | INFO | Forecast: client AR21TY2023 model 1.
2023-06-04 18:07:45 | CRITICAL | Forecast: client AR21TY2023 model 1. Unexpected forecast period: received 721 expecting 720!
2023-06-04 18:07:45 | INFO | Forecast: client AR21TY2023 model 1.
2023-06-04 18:07:45 | INFO | Getting forecast: client AR21TY2023 model 1.
2023-06-04 18:07:45 | INFO | Sending forecast: client AR21TY2023 model 1.
2023-06-04 18:07:45 | INFO | Forecast: client AR21TY2023 model 2.
2023-06-04 18:07:45 | INFO | Getting forecast: client AR21TY2023 model 2.
2023-06-04 18:07:45 | INFO | Sending forecast: client AR21TY2023 model 2.
2023-06-04 18:07:45 | INFO | Forecast: client AR21TY2023 model 3.
2023-06-04 18:07:45 | INFO | Getting forecast: client AR21TY2023 model 3.
2023-06-04 18:07:46 | INFO | Sending forecast: client AR21TY2023 model 3.
2023-06-04 18:07:46 | INFO | Forecast: client AR21TY2023 model 3.
2023-06-04 18:07:46 | CRITICAL | Forecast: client AR21TY2023 model 3. Unexpected number of keys in input data structure dict_keys(['ds', 'y']) (2) expected (1)!
2023-06-04 18:07:46 | INFO | Forecast: client AR21TY2023 model 3.
2023-06-04 18:07:46 | CRITICAL | Forecast: client AR21TY2023 model 3. Unexpected input data structure (expected key (ds) not found) dict_keys(['d'])!
2023-06-04 18:07:46 | INFO | Forecast: client AR21TY2023 model 3.
2023-06-04 18:07:46 | INFO | Getting forecast: client AR21TY2023 model 3.
2023-06-04 18:07:46 | CRITICAL | Forecast: client AR21TY2023 model 3. An error occurred: Given date string a not likely a datetime present at position 0!
2023-06-04 18:07:46 | INFO | Forecast: client AR21TY2023 model 1.
2023-06-04 18:07:46 | CRITICAL | Forecast: client AR21TY2023 model 1. Unexpected number of keys in input data structure dict_keys(['ds', 'y', 'x']) (3) expected (2)!
2023-06-04 18:07:46 | INFO | Forecast: client AR21TY2023 model 1.
2023-06-04 18:07:46 | CRITICAL | Forecast: client AR21TY2023 model 1. Unexpected input data structure (expected key (ds, y) not found) dict_keys(['ds', 'y1'])!
2023-06-04 18:07:46 | INFO | Forecast: client AR21TY2023 model 1.
2023-06-04 18:07:46 | INFO | Getting forecast: client AR21TY2023 model 1.
2023-06-04 18:07:46 | CRITICAL | Forecast: client AR21TY2023 model 1. An error occurred: could not convert string to float: 'a'!
2023-06-04 18:07:46 | INFO | Forecast: client AR21TY2023 model 8.
2023-06-04 18:07:46 | INFO | Getting forecast: client AR21TY2023 model 8.
2023-06-04 18:07:46 | INFO | Sending forecast: client AR21TY2023 model 8.
2023-06-04 18:07:46 | INFO | Forecast: client AR21TY2023 model 8.
2023-06-04 18:07:46 | CRITICAL | Forecast: client AR21TY2023 model 8. Unexpected number of keys in input data structure dict_keys(['ds']) (1) expected (2)!
2023-06-04 18:07:46 | INFO | Forecast: client AR21TY2023 model 8.
2023-06-04 18:07:46 | CRITICAL | Forecast: client AR21TY2023 model 8. Unexpected input data structure (expected key ds or x not found) dict_keys(['ds', 'a'])!
2023-06-04 18:07:46 | INFO | Forecast: client AR21TY2023 model 9.
2023-06-04 18:07:46 | INFO | Getting forecast: client AR21TY2023 model 9.
2023-06-04 18:07:46 | INFO | Sending forecast: client AR21TY2023 model 9.
2023-06-04 18:07:46 | INFO | Forecast: client AR21TY2023 model 9.
2023-06-04 18:07:46 | CRITICAL | Forecast: client AR21TY2023 model 9. Unexpected number of keys in input data structure dict_keys(['ds', 'y1']) (2) expected (3)!
2023-06-04 18:07:46 | INFO | Forecast: client AR21TY2023 model 9.
2023-06-04 18:07:46 | CRITICAL | Forecast: client AR21TY2023 model 9. Unexpected input data structure (expected key ds, y1 or y2 not found) dict_keys(['ds', 'x1', 'y2'])!
